Copyright 1986-2018 Xilinx, Inc. All Rights Reserved.
--------------------------------------------------------------------------------------
| Tool Version : Vivado v.2018.2 (win64) Build 2258646 Thu Jun 14 20:03:12 MDT 2018
| Date         : Thu Nov 29 20:29:19 2018
| Host         : YxGuo running 64-bit major release  (build 9200)
| Command      : report_control_sets -verbose -file lab10_1_1_control_sets_placed.rpt
| Design       : lab10_1_1
| Device       : xc7a100t
--------------------------------------------------------------------------------------

Control Set Information

Table of Contents
-----------------
1. Summary
2. Histogram
3. Flip-Flop Distribution
4. Detailed Control Set Information

1. Summary
----------

+----------------------------------------------------------+-------+
|                          Status                          | Count |
+----------------------------------------------------------+-------+
| Number of unique control sets                            |     2 |
| Unused register locations in slices containing registers |     2 |
+----------------------------------------------------------+-------+


2. Histogram
------------

+--------+--------------+
| Fanout | Control Sets |
+--------+--------------+
|      6 |            1 |
|      8 |            1 |
+--------+--------------+


3. Flip-Flop Distribution
-------------------------

+--------------+-----------------------+------------------------+-----------------+--------------+
| Clock Enable | Synchronous Set/Reset | Asynchronous Set/Reset | Total Registers | Total Slices |
+--------------+-----------------------+------------------------+-----------------+--------------+
| No           | No                    | No                     |               0 |            0 |
| No           | No                    | Yes                    |               0 |            0 |
| No           | Yes                   | No                     |               0 |            0 |
| Yes          | No                    | No                     |               0 |            0 |
| Yes          | No                    | Yes                    |              14 |            2 |
| Yes          | Yes                   | No                     |               0 |            0 |
+--------------+-----------------------+------------------------+-----------------+--------------+


4. Detailed Control Set Information
-----------------------------------

+----------------+-----------------------------+------------------+------------------+----------------+
|  Clock Signal  |        Enable Signal        | Set/Reset Signal | Slice Load Count | Bel Load Count |
+----------------+-----------------------------+------------------+------------------+----------------+
|  clk_IBUF_BUFG | FSM_onehot_state[2]_i_1_n_0 | reset_IBUF       |                1 |              6 |
|  clk_IBUF_BUFG | ain_IBUF                    | reset_IBUF       |                1 |              8 |
+----------------+-----------------------------+------------------+------------------+----------------+


