
*** Running vivado
    with args -log lab8_2_1.vds -m64 -product Vivado -mode batch -messageDb vivado.pb -notrace -source lab8_2_1.tcl


****** Vivado v2018.2 (64-bit)
  **** SW Build 2258646 on Thu Jun 14 20:03:12 MDT 2018
  **** IP Build 2256618 on Thu Jun 14 22:10:49 MDT 2018
    ** Copyright 1986-2018 Xilinx, Inc. All Rights Reserved.

source lab8_2_1.tcl -notrace
Command: synth_design -top lab8_2_1 -part xc7a100tcsg324-1
Starting synth_design
Attempting to get a license for feature 'Synthesis' and/or device 'xc7a100t'
INFO: [Common 17-349] Got license for feature 'Synthesis' and/or device 'xc7a100t'
INFO: Launching helper process for spawning children vivado processes
INFO: Helper process launched with PID 1564 
---------------------------------------------------------------------------------
Starting RTL Elaboration : Time (s): cpu = 00:00:03 ; elapsed = 00:00:03 . Memory (MB): peak = 388.031 ; gain = 99.141
---------------------------------------------------------------------------------
INFO: [Synth 8-6157] synthesizing module 'lab8_2_1' [H:/gyx verilog/digital/lab_8/lab8_2_1/lab8_2_1.srcs/sources_1/new/lab8_2_1.v:23]
INFO: [Synth 8-6157] synthesizing module 'clk_wiz_0' [H:/gyx verilog/digital/lab_8/lab8_2_1/lab8_2_1.runs/synth_1/.Xil/Vivado-800-YxGuo/realtime/clk_wiz_0_stub.v:5]
INFO: [Synth 8-6155] done synthesizing module 'clk_wiz_0' (1#1) [H:/gyx verilog/digital/lab_8/lab8_2_1/lab8_2_1.runs/synth_1/.Xil/Vivado-800-YxGuo/realtime/clk_wiz_0_stub.v:5]
INFO: [Synth 8-6157] synthesizing module 'clock_1hz' [H:/gyx verilog/digital/lab_8/lab8_2_1/lab8_2_1.srcs/sources_1/new/clock_1hz.v:23]
INFO: [Synth 8-6155] done synthesizing module 'clock_1hz' (2#1) [H:/gyx verilog/digital/lab_8/lab8_2_1/lab8_2_1.srcs/sources_1/new/clock_1hz.v:23]
INFO: [Synth 8-6157] synthesizing module 'two_counts' [H:/gyx verilog/digital/lab_8/lab8_2_1/lab8_2_1.srcs/sources_1/new/two_counts.v:23]
INFO: [Synth 8-6157] synthesizing module 'c_counter_binary_0' [H:/gyx verilog/digital/lab_8/lab8_2_1/lab8_2_1.runs/synth_1/.Xil/Vivado-800-YxGuo/realtime/c_counter_binary_0_stub.v:6]
INFO: [Synth 8-6155] done synthesizing module 'c_counter_binary_0' (3#1) [H:/gyx verilog/digital/lab_8/lab8_2_1/lab8_2_1.runs/synth_1/.Xil/Vivado-800-YxGuo/realtime/c_counter_binary_0_stub.v:6]
WARNING: [Synth 8-350] instance 'U1' of module 'c_counter_binary_0' requires 5 connections, but only 4 given [H:/gyx verilog/digital/lab_8/lab8_2_1/lab8_2_1.srcs/sources_1/new/two_counts.v:29]
INFO: [Synth 8-6155] done synthesizing module 'two_counts' (4#1) [H:/gyx verilog/digital/lab_8/lab8_2_1/lab8_2_1.srcs/sources_1/new/two_counts.v:23]
INFO: [Synth 8-6157] synthesizing module 'bcd_decoder' [H:/gyx verilog/digital/lab_8/lab8_2_1/lab8_2_1.srcs/sources_1/new/bcd_decoder.v:23]
INFO: [Synth 8-6157] synthesizing module 'clock_500hz' [H:/gyx verilog/digital/lab_8/lab8_2_1/lab8_2_1.srcs/sources_1/new/clock_500hz.v:23]
INFO: [Synth 8-6155] done synthesizing module 'clock_500hz' (5#1) [H:/gyx verilog/digital/lab_8/lab8_2_1/lab8_2_1.srcs/sources_1/new/clock_500hz.v:23]
INFO: [Synth 8-6155] done synthesizing module 'bcd_decoder' (6#1) [H:/gyx verilog/digital/lab_8/lab8_2_1/lab8_2_1.srcs/sources_1/new/bcd_decoder.v:23]
INFO: [Synth 8-6155] done synthesizing module 'lab8_2_1' (7#1) [H:/gyx verilog/digital/lab_8/lab8_2_1/lab8_2_1.srcs/sources_1/new/lab8_2_1.v:23]
WARNING: [Synth 8-3331] design clock_1hz has unconnected port rst
---------------------------------------------------------------------------------
Finished RTL Elaboration : Time (s): cpu = 00:00:04 ; elapsed = 00:00:04 . Memory (MB): peak = 443.219 ; gain = 154.328
---------------------------------------------------------------------------------

Report Check Netlist: 
+------+------------------+-------+---------+-------+------------------+
|      |Item              |Errors |Warnings |Status |Description       |
+------+------------------+-------+---------+-------+------------------+
|1     |multi_driven_nets |      0|        0|Passed |Multi driven nets |
+------+------------------+-------+---------+-------+------------------+
---------------------------------------------------------------------------------
Start Handling Custom Attributes
---------------------------------------------------------------------------------
---------------------------------------------------------------------------------
Finished Handling Custom Attributes : Time (s): cpu = 00:00:04 ; elapsed = 00:00:04 . Memory (MB): peak = 443.219 ; gain = 154.328
---------------------------------------------------------------------------------
---------------------------------------------------------------------------------
Finished RTL Optimization Phase 1 : Time (s): cpu = 00:00:04 ; elapsed = 00:00:04 . Memory (MB): peak = 443.219 ; gain = 154.328
---------------------------------------------------------------------------------
INFO: [Device 21-403] Loading part xc7a100tcsg324-1
INFO: [Project 1-570] Preparing netlist for logic optimization

Processing XDC Constraints
Initializing timing engine
Parsing XDC File [h:/gyx verilog/digital/lab_8/lab8_2_1/lab8_2_1.srcs/sources_1/ip/c_counter_binary_0/c_counter_binary_0/c_counter_binary_0_in_context.xdc] for cell 'U2/U0'
Finished Parsing XDC File [h:/gyx verilog/digital/lab_8/lab8_2_1/lab8_2_1.srcs/sources_1/ip/c_counter_binary_0/c_counter_binary_0/c_counter_binary_0_in_context.xdc] for cell 'U2/U0'
Parsing XDC File [h:/gyx verilog/digital/lab_8/lab8_2_1/lab8_2_1.srcs/sources_1/ip/c_counter_binary_0/c_counter_binary_0/c_counter_binary_0_in_context.xdc] for cell 'U2/U1'
Finished Parsing XDC File [h:/gyx verilog/digital/lab_8/lab8_2_1/lab8_2_1.srcs/sources_1/ip/c_counter_binary_0/c_counter_binary_0/c_counter_binary_0_in_context.xdc] for cell 'U2/U1'
Parsing XDC File [h:/gyx verilog/digital/lab_8/lab8_2_1/lab8_2_1.srcs/sources_1/ip/clk_wiz_0/clk_wiz_0/clk_wiz_0_in_context.xdc] for cell 'U'
Finished Parsing XDC File [h:/gyx verilog/digital/lab_8/lab8_2_1/lab8_2_1.srcs/sources_1/ip/clk_wiz_0/clk_wiz_0/clk_wiz_0_in_context.xdc] for cell 'U'
Parsing XDC File [H:/gyx verilog/digital/lab_8/lab8_2_1/lab8_2_1.srcs/constrs_1/new/nexys4.xdc]
Finished Parsing XDC File [H:/gyx verilog/digital/lab_8/lab8_2_1/lab8_2_1.srcs/constrs_1/new/nexys4.xdc]
INFO: [Project 1-236] Implementation specific constraints were found while reading constraint file [H:/gyx verilog/digital/lab_8/lab8_2_1/lab8_2_1.srcs/constrs_1/new/nexys4.xdc]. These constraints will be ignored for synthesis but will be used in implementation. Impacted constraints are listed in the file [.Xil/lab8_2_1_propImpl.xdc].
Resolution: To avoid this warning, move constraints listed in [.Xil/lab8_2_1_propImpl.xdc] to another XDC file and exclude this new file from synthesis with the used_in_synthesis property (File Properties dialog in GUI) and re-run elaboration/synthesis.
Parsing XDC File [H:/gyx verilog/digital/lab_8/lab8_2_1/lab8_2_1.runs/synth_1/dont_touch.xdc]
Finished Parsing XDC File [H:/gyx verilog/digital/lab_8/lab8_2_1/lab8_2_1.runs/synth_1/dont_touch.xdc]
Completed Processing XDC Constraints

INFO: [Project 1-111] Unisim Transformation Summary:
No Unisim elements were transformed.

Constraint Validation Runtime : Time (s): cpu = 00:00:00 ; elapsed = 00:00:00.025 . Memory (MB): peak = 789.473 ; gain = 0.000
---------------------------------------------------------------------------------
Finished Constraint Validation : Time (s): cpu = 00:00:13 ; elapsed = 00:00:16 . Memory (MB): peak = 789.473 ; gain = 500.582
---------------------------------------------------------------------------------
---------------------------------------------------------------------------------
Start Loading Part and Timing Information
---------------------------------------------------------------------------------
Loading part: xc7a100tcsg324-1
---------------------------------------------------------------------------------
Finished Loading Part and Timing Information : Time (s): cpu = 00:00:13 ; elapsed = 00:00:16 . Memory (MB): peak = 789.473 ; gain = 500.582
---------------------------------------------------------------------------------
---------------------------------------------------------------------------------
Start Applying 'set_property' XDC Constraints
---------------------------------------------------------------------------------
Applied set_property IO_BUFFER_TYPE = NONE for clock. (constraint file  {h:/gyx verilog/digital/lab_8/lab8_2_1/lab8_2_1.srcs/sources_1/ip/clk_wiz_0/clk_wiz_0/clk_wiz_0_in_context.xdc}, line 3).
Applied set_property CLOCK_BUFFER_TYPE = NONE for clock. (constraint file  {h:/gyx verilog/digital/lab_8/lab8_2_1/lab8_2_1.srcs/sources_1/ip/clk_wiz_0/clk_wiz_0/clk_wiz_0_in_context.xdc}, line 4).
Applied set_property DONT_TOUCH = true for U2/U0. (constraint file  auto generated constraint, line ).
Applied set_property DONT_TOUCH = true for U2/U1. (constraint file  auto generated constraint, line ).
Applied set_property DONT_TOUCH = true for U. (constraint file  auto generated constraint, line ).
---------------------------------------------------------------------------------
Finished applying 'set_property' XDC Constraints : Time (s): cpu = 00:00:13 ; elapsed = 00:00:16 . Memory (MB): peak = 789.473 ; gain = 500.582
---------------------------------------------------------------------------------
WARNING: [Synth 8-327] inferring latch for variable 'seg0_reg' [H:/gyx verilog/digital/lab_8/lab8_2_1/lab8_2_1.srcs/sources_1/new/bcd_decoder.v:36]
WARNING: [Synth 8-327] inferring latch for variable 'seg1_reg' [H:/gyx verilog/digital/lab_8/lab8_2_1/lab8_2_1.srcs/sources_1/new/bcd_decoder.v:52]
---------------------------------------------------------------------------------
Finished RTL Optimization Phase 2 : Time (s): cpu = 00:00:14 ; elapsed = 00:00:16 . Memory (MB): peak = 789.473 ; gain = 500.582
---------------------------------------------------------------------------------

Report RTL Partitions: 
+-+--------------+------------+----------+
| |RTL Partition |Replication |Instances |
+-+--------------+------------+----------+
+-+--------------+------------+----------+
---------------------------------------------------------------------------------
Start RTL Component Statistics 
---------------------------------------------------------------------------------
Detailed RTL Component Info : 
+---Registers : 
	                1 Bit    Registers := 2     
+---Muxes : 
	   2 Input      7 Bit        Muxes := 1     
	   2 Input      2 Bit        Muxes := 1     
	   2 Input      1 Bit        Muxes := 1     
	  11 Input      1 Bit        Muxes := 2     
---------------------------------------------------------------------------------
Finished RTL Component Statistics 
---------------------------------------------------------------------------------
---------------------------------------------------------------------------------
Start RTL Hierarchical Component Statistics 
---------------------------------------------------------------------------------
Hierarchical RTL Component report 
Module clock_1hz 
Detailed RTL Component Info : 
+---Registers : 
	                1 Bit    Registers := 1     
+---Muxes : 
	   2 Input      1 Bit        Muxes := 1     
Module clock_500hz 
Detailed RTL Component Info : 
+---Registers : 
	                1 Bit    Registers := 1     
Module bcd_decoder 
Detailed RTL Component Info : 
+---Muxes : 
	   2 Input      7 Bit        Muxes := 1     
	   2 Input      2 Bit        Muxes := 1     
	  11 Input      1 Bit        Muxes := 2     
---------------------------------------------------------------------------------
Finished RTL Hierarchical Component Statistics
---------------------------------------------------------------------------------
---------------------------------------------------------------------------------
Start Part Resource Summary
---------------------------------------------------------------------------------
Part Resources:
DSPs: 240 (col length:80)
BRAMs: 270 (col length: RAMB18 80 RAMB36 40)
---------------------------------------------------------------------------------
Finished Part Resource Summary
---------------------------------------------------------------------------------
---------------------------------------------------------------------------------
Start Cross Boundary and Area Optimization
---------------------------------------------------------------------------------
Warning: Parallel synthesis criteria is not met 
WARNING: [Synth 8-3331] design lab8_2_1 has unconnected port an[7]
WARNING: [Synth 8-3331] design lab8_2_1 has unconnected port an[6]
WARNING: [Synth 8-3331] design lab8_2_1 has unconnected port an[5]
WARNING: [Synth 8-3331] design lab8_2_1 has unconnected port an[4]
WARNING: [Synth 8-3331] design lab8_2_1 has unconnected port an[3]
WARNING: [Synth 8-3331] design lab8_2_1 has unconnected port an[2]
---------------------------------------------------------------------------------
Finished Cross Boundary and Area Optimization : Time (s): cpu = 00:00:14 ; elapsed = 00:00:17 . Memory (MB): peak = 789.473 ; gain = 500.582
---------------------------------------------------------------------------------

Report RTL Partitions: 
+-+--------------+------------+----------+
| |RTL Partition |Replication |Instances |
+-+--------------+------------+----------+
+-+--------------+------------+----------+
---------------------------------------------------------------------------------
Start Applying XDC Timing Constraints
---------------------------------------------------------------------------------
INFO: [Synth 8-5578] Moved timing constraint from pin 'U/clk_out1' to pin 'U/bbstub_clk_out1/O'
INFO: [Synth 8-5819] Moved 1 constraints on hierarchical pins to their respective driving/loading pins
---------------------------------------------------------------------------------
Finished Applying XDC Timing Constraints : Time (s): cpu = 00:00:23 ; elapsed = 00:00:27 . Memory (MB): peak = 789.473 ; gain = 500.582
---------------------------------------------------------------------------------
---------------------------------------------------------------------------------
Start Timing Optimization
---------------------------------------------------------------------------------
---------------------------------------------------------------------------------
Finished Timing Optimization : Time (s): cpu = 00:00:23 ; elapsed = 00:00:27 . Memory (MB): peak = 803.109 ; gain = 514.219
---------------------------------------------------------------------------------

Report RTL Partitions: 
+-+--------------+------------+----------+
| |RTL Partition |Replication |Instances |
+-+--------------+------------+----------+
+-+--------------+------------+----------+
---------------------------------------------------------------------------------
Start Technology Mapping
---------------------------------------------------------------------------------
---------------------------------------------------------------------------------
Finished Technology Mapping : Time (s): cpu = 00:00:23 ; elapsed = 00:00:27 . Memory (MB): peak = 803.875 ; gain = 514.984
---------------------------------------------------------------------------------

Report RTL Partitions: 
+-+--------------+------------+----------+
| |RTL Partition |Replication |Instances |
+-+--------------+------------+----------+
+-+--------------+------------+----------+
---------------------------------------------------------------------------------
Start IO Insertion
---------------------------------------------------------------------------------
---------------------------------------------------------------------------------
Start Flattening Before IO Insertion
---------------------------------------------------------------------------------
---------------------------------------------------------------------------------
Finished Flattening Before IO Insertion
---------------------------------------------------------------------------------
---------------------------------------------------------------------------------
Start Final Netlist Cleanup
---------------------------------------------------------------------------------
---------------------------------------------------------------------------------
Finished Final Netlist Cleanup
---------------------------------------------------------------------------------
---------------------------------------------------------------------------------
Finished IO Insertion : Time (s): cpu = 00:00:25 ; elapsed = 00:00:29 . Memory (MB): peak = 803.875 ; gain = 514.984
---------------------------------------------------------------------------------

Report Check Netlist: 
+------+------------------+-------+---------+-------+------------------+
|      |Item              |Errors |Warnings |Status |Description       |
+------+------------------+-------+---------+-------+------------------+
|1     |multi_driven_nets |      0|        0|Passed |Multi driven nets |
+------+------------------+-------+---------+-------+------------------+
---------------------------------------------------------------------------------
Start Renaming Generated Instances
---------------------------------------------------------------------------------
---------------------------------------------------------------------------------
Finished Renaming Generated Instances : Time (s): cpu = 00:00:25 ; elapsed = 00:00:29 . Memory (MB): peak = 803.875 ; gain = 514.984
---------------------------------------------------------------------------------

Report RTL Partitions: 
+-+--------------+------------+----------+
| |RTL Partition |Replication |Instances |
+-+--------------+------------+----------+
+-+--------------+------------+----------+
---------------------------------------------------------------------------------
Start Rebuilding User Hierarchy
---------------------------------------------------------------------------------
---------------------------------------------------------------------------------
Finished Rebuilding User Hierarchy : Time (s): cpu = 00:00:25 ; elapsed = 00:00:29 . Memory (MB): peak = 803.875 ; gain = 514.984
---------------------------------------------------------------------------------
---------------------------------------------------------------------------------
Start Renaming Generated Ports
---------------------------------------------------------------------------------
---------------------------------------------------------------------------------
Finished Renaming Generated Ports : Time (s): cpu = 00:00:25 ; elapsed = 00:00:29 . Memory (MB): peak = 803.875 ; gain = 514.984
---------------------------------------------------------------------------------
---------------------------------------------------------------------------------
Start Handling Custom Attributes
---------------------------------------------------------------------------------
---------------------------------------------------------------------------------
Finished Handling Custom Attributes : Time (s): cpu = 00:00:25 ; elapsed = 00:00:29 . Memory (MB): peak = 803.875 ; gain = 514.984
---------------------------------------------------------------------------------
---------------------------------------------------------------------------------
Start Renaming Generated Nets
---------------------------------------------------------------------------------
---------------------------------------------------------------------------------
Finished Renaming Generated Nets : Time (s): cpu = 00:00:25 ; elapsed = 00:00:29 . Memory (MB): peak = 803.875 ; gain = 514.984
---------------------------------------------------------------------------------
---------------------------------------------------------------------------------
Start Writing Synthesis Report
---------------------------------------------------------------------------------

Report BlackBoxes: 
+------+-------------------+----------+
|      |BlackBox name      |Instances |
+------+-------------------+----------+
|1     |clk_wiz_0          |         1|
|2     |c_counter_binary_0 |         2|
+------+-------------------+----------+

Report Cell Usage: 
+------+----------------------+------+
|      |Cell                  |Count |
+------+----------------------+------+
|1     |c_counter_binary_0    |     1|
|2     |c_counter_binary_0__1 |     1|
|3     |clk_wiz_0             |     1|
|4     |CARRY4                |    10|
|5     |LUT1                  |     3|
|6     |LUT2                  |     1|
|7     |LUT3                  |    11|
|8     |LUT4                  |    19|
|9     |LUT5                  |     3|
|10    |LUT6                  |     5|
|11    |FDRE                  |    38|
|12    |LD                    |    14|
|13    |IBUF                  |     2|
|14    |OBUF                  |    10|
|15    |OBUFT                 |     6|
+------+----------------------+------+

Report Instance Areas: 
+------+---------+------------+------+
|      |Instance |Module      |Cells |
+------+---------+------------+------+
|1     |top      |            |   134|
|2     |  U1     |clock_1hz   |    42|
|3     |  U2     |two_counts  |    22|
|4     |  U3     |bcd_decoder |    50|
|5     |    U    |clock_500hz |    25|
+------+---------+------------+------+
---------------------------------------------------------------------------------
Finished Writing Synthesis Report : Time (s): cpu = 00:00:25 ; elapsed = 00:00:29 . Memory (MB): peak = 803.875 ; gain = 514.984
---------------------------------------------------------------------------------
Synthesis finished with 0 errors, 0 critical warnings and 8 warnings.
Synthesis Optimization Runtime : Time (s): cpu = 00:00:14 ; elapsed = 00:00:20 . Memory (MB): peak = 803.875 ; gain = 168.730
Synthesis Optimization Complete : Time (s): cpu = 00:00:25 ; elapsed = 00:00:29 . Memory (MB): peak = 803.875 ; gain = 514.984
INFO: [Project 1-571] Translating synthesized netlist
INFO: [Netlist 29-17] Analyzing 26 Unisim elements for replacement
INFO: [Netlist 29-28] Unisim Transformation completed in 0 CPU seconds
INFO: [Project 1-570] Preparing netlist for logic optimization
INFO: [Opt 31-138] Pushed 0 inverter(s) to 0 load pin(s).
INFO: [Project 1-111] Unisim Transformation Summary:
  A total of 14 instances were transformed.
  LD => LDCE: 14 instances

INFO: [Common 17-83] Releasing license: Synthesis
28 Infos, 10 Warnings, 0 Critical Warnings and 0 Errors encountered.
synth_design completed successfully
synth_design: Time (s): cpu = 00:00:26 ; elapsed = 00:00:31 . Memory (MB): peak = 803.875 ; gain = 526.453
WARNING: [Constraints 18-5210] No constraint will be written out.
INFO: [Common 17-1381] The checkpoint 'H:/gyx verilog/digital/lab_8/lab8_2_1/lab8_2_1.runs/synth_1/lab8_2_1.dcp' has been generated.
INFO: [runtcl-4] Executing : report_utilization -file lab8_2_1_utilization_synth.rpt -pb lab8_2_1_utilization_synth.pb
report_utilization: Time (s): cpu = 00:00:00 ; elapsed = 00:00:00.045 . Memory (MB): peak = 803.875 ; gain = 0.000
INFO: [Common 17-206] Exiting Vivado at Fri Nov 16 21:44:15 2018...
